C:\Program Files\Microsoft Visual Studio\2022\Community\MSBuild\Microsoft\VC\v170\Microsoft.CppBuild.targets(517,5): warning MSB8004: Output Directory does not end with a trailing slash.  This build instance will add the slash as it is required to allow proper evaluation of the Output Directory.
  main.cpp
D:\OpenGL\TextureMapping\TextureMapping\Common\includes\GLFW\glfw3.h(3235,1): warning C4819: The file contains a character that cannot be represented in the current code page (950). Save the file in Unicode format to prevent data loss
  (compiling source file 'Source/main.cpp')
  
D:\OpenGL\TextureMapping\TextureMapping\Source\main.cpp(85,16): warning C4244: 'initializing': conversion from 'double' to 'GLfloat', possible loss of data
  ShaderProgram.cpp
  Generating Code...
glew32s.lib(glew.obj) : warning LNK4099: PDB '' was not found with 'glew32s.lib(glew.obj)' or at ''; linking object as if no debug info
LINK : warning LNK4098: defaultlib 'MSVCRT' conflicts with use of other libs; use /NODEFAULTLIB:library
LINK : warning LNK4098: defaultlib 'LIBCMT' conflicts with use of other libs; use /NODEFAULTLIB:library
LINK : warning LNK4217: symbol '__glewAttachShader' defined in 'glew32s.lib(glew.obj)' is imported by 'ShaderProgram.obj' in function '"public: bool __cdecl ShaderProgram::loadShaders(char const *,char const *)" (?loadShaders@ShaderProgram@@QEAA_NPEBD0@Z)'
LINK : warning LNK4217: symbol '__glewCompileShader' defined in 'glew32s.lib(glew.obj)' is imported by 'ShaderProgram.obj' in function '"public: bool __cdecl ShaderProgram::loadShaders(char const *,char const *)" (?loadShaders@ShaderProgram@@QEAA_NPEBD0@Z)'
LINK : warning LNK4217: symbol '__glewCreateProgram' defined in 'glew32s.lib(glew.obj)' is imported by 'ShaderProgram.obj' in function '"public: bool __cdecl ShaderProgram::loadShaders(char const *,char const *)" (?loadShaders@ShaderProgram@@QEAA_NPEBD0@Z)'
LINK : warning LNK4217: symbol '__glewCreateShader' defined in 'glew32s.lib(glew.obj)' is imported by 'ShaderProgram.obj' in function '"public: bool __cdecl ShaderProgram::loadShaders(char const *,char const *)" (?loadShaders@ShaderProgram@@QEAA_NPEBD0@Z)'
LINK : warning LNK4217: symbol '__glewDeleteProgram' defined in 'glew32s.lib(glew.obj)' is imported by 'ShaderProgram.obj' in function '"public: __cdecl ShaderProgram::~ShaderProgram(void)" (??1ShaderProgram@@QEAA@XZ)'
LINK : warning LNK4217: symbol '__glewDeleteShader' defined in 'glew32s.lib(glew.obj)' is imported by 'ShaderProgram.obj' in function '"public: bool __cdecl ShaderProgram::loadShaders(char const *,char const *)" (?loadShaders@ShaderProgram@@QEAA_NPEBD0@Z)'
LINK : warning LNK4217: symbol '__glewGetProgramInfoLog' defined in 'glew32s.lib(glew.obj)' is imported by 'ShaderProgram.obj' in function '"private: void __cdecl ShaderProgram::CheckCompileErrors(unsigned int,enum ShaderProgram::ShaderType)" (?CheckCompileErrors@ShaderProgram@@AEAAXIW4ShaderType@1@@Z)'
LINK : warning LNK4217: symbol '__glewGetProgramiv' defined in 'glew32s.lib(glew.obj)' is imported by 'ShaderProgram.obj' in function '"private: void __cdecl ShaderProgram::CheckCompileErrors(unsigned int,enum ShaderProgram::ShaderType)" (?CheckCompileErrors@ShaderProgram@@AEAAXIW4ShaderType@1@@Z)'
LINK : warning LNK4217: symbol '__glewGetShaderInfoLog' defined in 'glew32s.lib(glew.obj)' is imported by 'ShaderProgram.obj' in function '"private: void __cdecl ShaderProgram::CheckCompileErrors(unsigned int,enum ShaderProgram::ShaderType)" (?CheckCompileErrors@ShaderProgram@@AEAAXIW4ShaderType@1@@Z)'
LINK : warning LNK4217: symbol '__glewGetShaderiv' defined in 'glew32s.lib(glew.obj)' is imported by 'ShaderProgram.obj' in function '"private: void __cdecl ShaderProgram::CheckCompileErrors(unsigned int,enum ShaderProgram::ShaderType)" (?CheckCompileErrors@ShaderProgram@@AEAAXIW4ShaderType@1@@Z)'
LINK : warning LNK4217: symbol '__glewGetUniformLocation' defined in 'glew32s.lib(glew.obj)' is imported by 'ShaderProgram.obj' in function '"private: int __cdecl ShaderProgram::getUniformLocation(char const *)" (?getUniformLocation@ShaderProgram@@AEAAHPEBD@Z)'
LINK : warning LNK4217: symbol '__glewLinkProgram' defined in 'glew32s.lib(glew.obj)' is imported by 'ShaderProgram.obj' in function '"public: bool __cdecl ShaderProgram::loadShaders(char const *,char const *)" (?loadShaders@ShaderProgram@@QEAA_NPEBD0@Z)'
LINK : warning LNK4217: symbol '__glewShaderSource' defined in 'glew32s.lib(glew.obj)' is imported by 'ShaderProgram.obj' in function '"public: bool __cdecl ShaderProgram::loadShaders(char const *,char const *)" (?loadShaders@ShaderProgram@@QEAA_NPEBD0@Z)'
LINK : warning LNK4217: symbol '__glewUniform2f' defined in 'glew32s.lib(glew.obj)' is imported by 'ShaderProgram.obj' in function '"public: void __cdecl ShaderProgram::setUniform(char const *,struct glm::vec<2,float,0> const &)" (?setUniform@ShaderProgram@@QEAAXPEBDAEBU?$vec@$01M$0A@@glm@@@Z)'
LINK : warning LNK4217: symbol '__glewUniform3f' defined in 'glew32s.lib(glew.obj)' is imported by 'ShaderProgram.obj' in function '"public: void __cdecl ShaderProgram::setUniform(char const *,struct glm::vec<3,float,0> const &)" (?setUniform@ShaderProgram@@QEAAXPEBDAEBU?$vec@$02M$0A@@glm@@@Z)'
LINK : warning LNK4217: symbol '__glewUniform4f' defined in 'glew32s.lib(glew.obj)' is imported by 'ShaderProgram.obj' in function '"public: void __cdecl ShaderProgram::setUniform(char const *,struct glm::vec<4,float,0> const &)" (?setUniform@ShaderProgram@@QEAAXPEBDAEBU?$vec@$03M$0A@@glm@@@Z)'
LINK : warning LNK4217: symbol '__glewUseProgram' defined in 'glew32s.lib(glew.obj)' is imported by 'ShaderProgram.obj' in function '"public: void __cdecl ShaderProgram::use(void)" (?use@ShaderProgram@@QEAAXXZ)'
  TextureMapping.vcxproj -> D:\OpenGL\TextureMapping\TextureMapping\bin\TextureMapping.exe
