C:\Program Files\Microsoft Visual Studio\2022\Community\MSBuild\Microsoft\VC\v170\Microsoft.CppBuild.targets(524,5): warning MSB8004: Output Directory does not end with a trailing slash.  This build instance will add the slash as it is required to allow proper evaluation of the Output Directory.
  main.cpp
D:\OpenGL\SpotLight\SpotLight\Common\includes\GLFW\glfw3.h(3173,1): warning C4819: The file contains a character that cannot be represented in the current code page (950). Save the file in Unicode format to prevent data loss
  (compiling source file 'Source/main.cpp')
  
x64\Debug\glm.obj : warning LNK4042: object specified more than once; extras ignored
glew32s.lib(glew.obj) : warning LNK4099: PDB 'vc120.pdb' was not found with 'glew32s.lib(glew.obj)' or at 'D:\OpenGL\SpotLight\SpotLight\bin\vc120.pdb'; linking object as if no debug info
LINK : warning LNK4098: defaultlib 'MSVCRT' conflicts with use of other libs; use /NODEFAULTLIB:library
LINK : warning LNK4098: defaultlib 'LIBCMT' conflicts with use of other libs; use /NODEFAULTLIB:library
LINK : warning LNK4217: symbol '__glewBindBuffer' defined in 'glew32s.lib(glew.obj)' is imported by 'Mesh.obj' in function '"private: void __cdecl Mesh::initBuffer(void)" (?initBuffer@Mesh@@AEAAXXZ)'
LINK : warning LNK4217: symbol '__glewBufferData' defined in 'glew32s.lib(glew.obj)' is imported by 'Mesh.obj' in function '"private: void __cdecl Mesh::initBuffer(void)" (?initBuffer@Mesh@@AEAAXXZ)'
LINK : warning LNK4217: symbol '__glewDeleteBuffers' defined in 'glew32s.lib(glew.obj)' is imported by 'Mesh.obj' in function '"public: __cdecl Mesh::~Mesh(void)" (??1Mesh@@QEAA@XZ)'
LINK : warning LNK4217: symbol '__glewGenBuffers' defined in 'glew32s.lib(glew.obj)' is imported by 'Mesh.obj' in function '"private: void __cdecl Mesh::initBuffer(void)" (?initBuffer@Mesh@@AEAAXXZ)'
LINK : warning LNK4217: symbol '__glewEnableVertexAttribArray' defined in 'glew32s.lib(glew.obj)' is imported by 'Mesh.obj' in function '"private: void __cdecl Mesh::initBuffer(void)" (?initBuffer@Mesh@@AEAAXXZ)'
LINK : warning LNK4217: symbol '__glewVertexAttribPointer' defined in 'glew32s.lib(glew.obj)' is imported by 'Mesh.obj' in function '"private: void __cdecl Mesh::initBuffer(void)" (?initBuffer@Mesh@@AEAAXXZ)'
LINK : warning LNK4217: symbol '__glewBindVertexArray' defined in 'glew32s.lib(glew.obj)' is imported by 'Mesh.obj' in function '"public: void __cdecl Mesh::draw(void)" (?draw@Mesh@@QEAAXXZ)'
LINK : warning LNK4217: symbol '__glewDeleteVertexArrays' defined in 'glew32s.lib(glew.obj)' is imported by 'Mesh.obj' in function '"public: __cdecl Mesh::~Mesh(void)" (??1Mesh@@QEAA@XZ)'
LINK : warning LNK4217: symbol '__glewGenVertexArrays' defined in 'glew32s.lib(glew.obj)' is imported by 'Mesh.obj' in function '"private: void __cdecl Mesh::initBuffer(void)" (?initBuffer@Mesh@@AEAAXXZ)'
LINK : warning LNK4217: symbol '__glewAttachShader' defined in 'glew32s.lib(glew.obj)' is imported by 'ShaderProgram.obj' in function '"public: bool __cdecl ShaderProgram::loadShaders(char const *,char const *)" (?loadShaders@ShaderProgram@@QEAA_NPEBD0@Z)'
LINK : warning LNK4217: symbol '__glewCompileShader' defined in 'glew32s.lib(glew.obj)' is imported by 'ShaderProgram.obj' in function '"public: bool __cdecl ShaderProgram::loadShaders(char const *,char const *)" (?loadShaders@ShaderProgram@@QEAA_NPEBD0@Z)'
LINK : warning LNK4217: symbol '__glewCreateProgram' defined in 'glew32s.lib(glew.obj)' is imported by 'ShaderProgram.obj' in function '"public: bool __cdecl ShaderProgram::loadShaders(char const *,char const *)" (?loadShaders@ShaderProgram@@QEAA_NPEBD0@Z)'
LINK : warning LNK4217: symbol '__glewCreateShader' defined in 'glew32s.lib(glew.obj)' is imported by 'ShaderProgram.obj' in function '"public: bool __cdecl ShaderProgram::loadShaders(char const *,char const *)" (?loadShaders@ShaderProgram@@QEAA_NPEBD0@Z)'
LINK : warning LNK4217: symbol '__glewDeleteProgram' defined in 'glew32s.lib(glew.obj)' is imported by 'ShaderProgram.obj' in function '"public: __cdecl ShaderProgram::~ShaderProgram(void)" (??1ShaderProgram@@QEAA@XZ)'
LINK : warning LNK4217: symbol '__glewDeleteShader' defined in 'glew32s.lib(glew.obj)' is imported by 'ShaderProgram.obj' in function '"public: bool __cdecl ShaderProgram::loadShaders(char const *,char const *)" (?loadShaders@ShaderProgram@@QEAA_NPEBD0@Z)'
LINK : warning LNK4217: symbol '__glewGetProgramInfoLog' defined in 'glew32s.lib(glew.obj)' is imported by 'ShaderProgram.obj' in function '"private: void __cdecl ShaderProgram::CheckCompileErrors(unsigned int,enum ShaderProgram::ShaderType)" (?CheckCompileErrors@ShaderProgram@@AEAAXIW4ShaderType@1@@Z)'
LINK : warning LNK4217: symbol '__glewGetProgramiv' defined in 'glew32s.lib(glew.obj)' is imported by 'ShaderProgram.obj' in function '"private: void __cdecl ShaderProgram::CheckCompileErrors(unsigned int,enum ShaderProgram::ShaderType)" (?CheckCompileErrors@ShaderProgram@@AEAAXIW4ShaderType@1@@Z)'
LINK : warning LNK4217: symbol '__glewGetShaderInfoLog' defined in 'glew32s.lib(glew.obj)' is imported by 'ShaderProgram.obj' in function '"private: void __cdecl ShaderProgram::CheckCompileErrors(unsigned int,enum ShaderProgram::ShaderType)" (?CheckCompileErrors@ShaderProgram@@AEAAXIW4ShaderType@1@@Z)'
LINK : warning LNK4217: symbol '__glewGetShaderiv' defined in 'glew32s.lib(glew.obj)' is imported by 'ShaderProgram.obj' in function '"private: void __cdecl ShaderProgram::CheckCompileErrors(unsigned int,enum ShaderProgram::ShaderType)" (?CheckCompileErrors@ShaderProgram@@AEAAXIW4ShaderType@1@@Z)'
LINK : warning LNK4217: symbol '__glewGetUniformLocation' defined in 'glew32s.lib(glew.obj)' is imported by 'ShaderProgram.obj' in function '"private: int __cdecl ShaderProgram::getUniformLocation(char const *)" (?getUniformLocation@ShaderProgram@@AEAAHPEBD@Z)'
LINK : warning LNK4217: symbol '__glewLinkProgram' defined in 'glew32s.lib(glew.obj)' is imported by 'ShaderProgram.obj' in function '"public: bool __cdecl ShaderProgram::loadShaders(char const *,char const *)" (?loadShaders@ShaderProgram@@QEAA_NPEBD0@Z)'
LINK : warning LNK4217: symbol '__glewShaderSource' defined in 'glew32s.lib(glew.obj)' is imported by 'ShaderProgram.obj' in function '"public: bool __cdecl ShaderProgram::loadShaders(char const *,char const *)" (?loadShaders@ShaderProgram@@QEAA_NPEBD0@Z)'
LINK : warning LNK4217: symbol '__glewUniform2f' defined in 'glew32s.lib(glew.obj)' is imported by 'ShaderProgram.obj' in function '"public: void __cdecl ShaderProgram::setUniform(char const *,struct glm::vec<2,float,0> const &)" (?setUniform@ShaderProgram@@QEAAXPEBDAEBU?$vec@$01M$0A@@glm@@@Z)'
LINK : warning LNK4217: symbol '__glewUniform3f' defined in 'glew32s.lib(glew.obj)' is imported by 'ShaderProgram.obj' in function '"public: void __cdecl ShaderProgram::setUniform(char const *,struct glm::vec<3,float,0> const &)" (?setUniform@ShaderProgram@@QEAAXPEBDAEBU?$vec@$02M$0A@@glm@@@Z)'
LINK : warning LNK4217: symbol '__glewUniform4f' defined in 'glew32s.lib(glew.obj)' is imported by 'ShaderProgram.obj' in function '"public: void __cdecl ShaderProgram::setUniform(char const *,struct glm::vec<4,float,0> const &)" (?setUniform@ShaderProgram@@QEAAXPEBDAEBU?$vec@$03M$0A@@glm@@@Z)'
LINK : warning LNK4217: symbol '__glewUniformMatrix4fv' defined in 'glew32s.lib(glew.obj)' is imported by 'ShaderProgram.obj' in function '"public: void __cdecl ShaderProgram::setUniform(char const *,struct glm::mat<4,4,float,0> const &)" (?setUniform@ShaderProgram@@QEAAXPEBDAEBU?$mat@$03$03M$0A@@glm@@@Z)'
LINK : warning LNK4217: symbol '__glewUseProgram' defined in 'glew32s.lib(glew.obj)' is imported by 'ShaderProgram.obj' in function '"public: void __cdecl ShaderProgram::use(void)" (?use@ShaderProgram@@QEAAXXZ)'
LINK : warning LNK4217: symbol '__glewActiveTexture' defined in 'glew32s.lib(glew.obj)' is imported by 'Texture2D.obj' in function '"public: void __cdecl Texture2D::bindTexture(unsigned int)" (?bindTexture@Texture2D@@QEAAXI@Z)'
LINK : warning LNK4217: symbol '__glewGenerateMipmap' defined in 'glew32s.lib(glew.obj)' is imported by 'Texture2D.obj' in function '"public: bool __cdecl Texture2D::loadTexture(class std::basic_string<char,struct std::char_traits<char>,class std::allocator<char> > const &,bool)" (?loadTexture@Texture2D@@QEAA_NAEBV?$basic_string@DU?$char_traits@D@std@@V?$allocator@D@2@@std@@_N@Z)'
  SpotLight.vcxproj -> D:\OpenGL\SpotLight\SpotLight\bin\SpotLight.exe
